23:49:54: [INFO] [C:\Users\Waterloo\School\WARG\Onboard\autonomy-bootcamp-2025-p2\modules\heartbeat\heartbeat_receiver_worker.py | heartbeat_receiver_worker | 53] Logger initialized
23:49:54: [DEBUG] [C:\Users\Waterloo\School\WARG\Onboard\autonomy-bootcamp-2025-p2\modules\heartbeat\heartbeat_receiver.py | create | 36] HeartbeatReceiver instance created
23:49:54: [INFO] [C:\Users\Waterloo\School\WARG\Onboard\autonomy-bootcamp-2025-p2\modules\heartbeat\heartbeat_receiver_worker.py | heartbeat_receiver_worker | 65] Heartbeat receiver started
23:49:54: [DEBUG] [C:\Users\Waterloo\School\WARG\Onboard\autonomy-bootcamp-2025-p2\modules\heartbeat\heartbeat_receiver.py | run | 71] Connected
23:49:55: [DEBUG] [C:\Users\Waterloo\School\WARG\Onboard\autonomy-bootcamp-2025-p2\modules\heartbeat\heartbeat_receiver.py | run | 71] Connected
23:49:56: [DEBUG] [C:\Users\Waterloo\School\WARG\Onboard\autonomy-bootcamp-2025-p2\modules\heartbeat\heartbeat_receiver.py | run | 71] Connected
23:49:57: [WARNING] [C:\Users\Waterloo\School\WARG\Onboard\autonomy-bootcamp-2025-p2\modules\heartbeat\heartbeat_receiver.py | run | 74] Missed Heartbeats: 1
23:49:57: [DEBUG] [C:\Users\Waterloo\School\WARG\Onboard\autonomy-bootcamp-2025-p2\modules\heartbeat\heartbeat_receiver.py | run | 71] Connected
23:49:58: [DEBUG] [C:\Users\Waterloo\School\WARG\Onboard\autonomy-bootcamp-2025-p2\modules\heartbeat\heartbeat_receiver.py | run | 71] Connected
23:49:59: [WARNING] [C:\Users\Waterloo\School\WARG\Onboard\autonomy-bootcamp-2025-p2\modules\heartbeat\heartbeat_receiver.py | run | 74] Missed Heartbeats: 1
23:50:00: [WARNING] [C:\Users\Waterloo\School\WARG\Onboard\autonomy-bootcamp-2025-p2\modules\heartbeat\heartbeat_receiver.py | run | 74] Missed Heartbeats: 2
23:50:01: [WARNING] [C:\Users\Waterloo\School\WARG\Onboard\autonomy-bootcamp-2025-p2\modules\heartbeat\heartbeat_receiver.py | run | 74] Missed Heartbeats: 3
23:50:02: [WARNING] [C:\Users\Waterloo\School\WARG\Onboard\autonomy-bootcamp-2025-p2\modules\heartbeat\heartbeat_receiver.py | run | 74] Missed Heartbeats: 4
23:50:03: [WARNING] [C:\Users\Waterloo\School\WARG\Onboard\autonomy-bootcamp-2025-p2\modules\heartbeat\heartbeat_receiver.py | run | 74] Missed Heartbeats: 5
23:50:03: [WARNING] [C:\Users\Waterloo\School\WARG\Onboard\autonomy-bootcamp-2025-p2\modules\heartbeat\heartbeat_receiver.py | run | 78] Disconnected
23:50:04: [WARNING] [C:\Users\Waterloo\School\WARG\Onboard\autonomy-bootcamp-2025-p2\modules\heartbeat\heartbeat_receiver.py | run | 74] Missed Heartbeats: 6
23:50:04: [WARNING] [C:\Users\Waterloo\School\WARG\Onboard\autonomy-bootcamp-2025-p2\modules\heartbeat\heartbeat_receiver.py | run | 78] Disconnected
23:50:05: [WARNING] [C:\Users\Waterloo\School\WARG\Onboard\autonomy-bootcamp-2025-p2\modules\heartbeat\heartbeat_receiver.py | run | 74] Missed Heartbeats: 7
23:50:05: [WARNING] [C:\Users\Waterloo\School\WARG\Onboard\autonomy-bootcamp-2025-p2\modules\heartbeat\heartbeat_receiver.py | run | 78] Disconnected
23:50:06: [WARNING] [C:\Users\Waterloo\School\WARG\Onboard\autonomy-bootcamp-2025-p2\modules\heartbeat\heartbeat_receiver.py | run | 74] Missed Heartbeats: 8
23:50:06: [WARNING] [C:\Users\Waterloo\School\WARG\Onboard\autonomy-bootcamp-2025-p2\modules\heartbeat\heartbeat_receiver.py | run | 78] Disconnected
23:50:07: [DEBUG] [C:\Users\Waterloo\School\WARG\Onboard\autonomy-bootcamp-2025-p2\modules\heartbeat\heartbeat_receiver.py | run | 71] Connected
23:50:08: [DEBUG] [C:\Users\Waterloo\School\WARG\Onboard\autonomy-bootcamp-2025-p2\modules\heartbeat\heartbeat_receiver.py | run | 71] Connected
23:50:09: [DEBUG] [C:\Users\Waterloo\School\WARG\Onboard\autonomy-bootcamp-2025-p2\modules\heartbeat\heartbeat_receiver.py | run | 71] Connected
23:50:10: [DEBUG] [C:\Users\Waterloo\School\WARG\Onboard\autonomy-bootcamp-2025-p2\modules\heartbeat\heartbeat_receiver.py | run | 71] Connected
23:50:11: [DEBUG] [C:\Users\Waterloo\School\WARG\Onboard\autonomy-bootcamp-2025-p2\modules\heartbeat\heartbeat_receiver.py | run | 71] Connected
23:50:12: [WARNING] [C:\Users\Waterloo\School\WARG\Onboard\autonomy-bootcamp-2025-p2\modules\heartbeat\heartbeat_receiver.py | run | 74] Missed Heartbeats: 1
23:50:13: [DEBUG] [C:\Users\Waterloo\School\WARG\Onboard\autonomy-bootcamp-2025-p2\modules\heartbeat\heartbeat_receiver.py | run | 71] Connected
23:50:14: [WARNING] [C:\Users\Waterloo\School\WARG\Onboard\autonomy-bootcamp-2025-p2\modules\heartbeat\heartbeat_receiver.py | run | 74] Missed Heartbeats: 1
23:50:15: [WARNING] [C:\Users\Waterloo\School\WARG\Onboard\autonomy-bootcamp-2025-p2\modules\heartbeat\heartbeat_receiver.py | run | 74] Missed Heartbeats: 2
23:50:15: [INFO] [C:\Users\Waterloo\School\WARG\Onboard\autonomy-bootcamp-2025-p2\modules\heartbeat\heartbeat_receiver_worker.py | heartbeat_receiver_worker | 76] Heartbeat receiver stopped
