22:23:35: [INFO] [C:\Users\Waterloo\School\WARG\Onboard\autonomy-bootcamp-2025-p2\modules\command\command_worker.py | command_worker | 48] Logger initialized
22:23:35: [DEBUG] [C:\Users\Waterloo\School\WARG\Onboard\autonomy-bootcamp-2025-p2\modules\command\command.py | create | 60] Command instance created
22:23:35: [INFO] [C:\Users\Waterloo\School\WARG\Onboard\autonomy-bootcamp-2025-p2\modules\command\command_worker.py | command_worker | 60] Command object started
22:23:35: [DEBUG] [C:\Users\Waterloo\School\WARG\Onboard\autonomy-bootcamp-2025-p2\modules\command\command.py | run | 108] Avg Velocity:  (0.0, 0.0, 4.0)
22:23:35: [DEBUG] [C:\Users\Waterloo\School\WARG\Onboard\autonomy-bootcamp-2025-p2\modules\command\command.py | run | 108] Avg Velocity:  (0.0, 0.0, 1.0)
22:23:35: [DEBUG] [C:\Users\Waterloo\School\WARG\Onboard\autonomy-bootcamp-2025-p2\modules\command\command.py | run | 108] Avg Velocity:  (0.0, 0.0, 0.6666666666666666)
22:23:35: [DEBUG] [C:\Users\Waterloo\School\WARG\Onboard\autonomy-bootcamp-2025-p2\modules\command\command.py | run | 108] Avg Velocity:  (0.0, 0.0, 0.5)
22:23:35: [DEBUG] [C:\Users\Waterloo\School\WARG\Onboard\autonomy-bootcamp-2025-p2\modules\command\command.py | run | 108] Avg Velocity:  (0.0, 0.0, 0.4)
22:23:35: [DEBUG] [C:\Users\Waterloo\School\WARG\Onboard\autonomy-bootcamp-2025-p2\modules\command\command.py | run | 108] Avg Velocity:  (0.0, 0.0, 0.3333333333333333)
22:23:35: [DEBUG] [C:\Users\Waterloo\School\WARG\Onboard\autonomy-bootcamp-2025-p2\modules\command\command.py | run | 108] Avg Velocity:  (0.0, 0.0, 0.2857142857142857)
22:23:35: [DEBUG] [C:\Users\Waterloo\School\WARG\Onboard\autonomy-bootcamp-2025-p2\modules\command\command.py | run | 108] Avg Velocity:  (0.0, 2.5, 0.25)
22:23:35: [DEBUG] [C:\Users\Waterloo\School\WARG\Onboard\autonomy-bootcamp-2025-p2\modules\command\command.py | run | 108] Avg Velocity:  (0.0, 4.444444444444445, 0.2222222222222222)
22:23:35: [DEBUG] [C:\Users\Waterloo\School\WARG\Onboard\autonomy-bootcamp-2025-p2\modules\command\command.py | run | 108] Avg Velocity:  (0.0, 6.0, 0.2)
22:23:35: [DEBUG] [C:\Users\Waterloo\School\WARG\Onboard\autonomy-bootcamp-2025-p2\modules\command\command.py | run | 108] Avg Velocity:  (1.8181818181818181, 5.454545454545454, 0.18181818181818182)
22:23:35: [DEBUG] [C:\Users\Waterloo\School\WARG\Onboard\autonomy-bootcamp-2025-p2\modules\command\command.py | run | 108] Avg Velocity:  (3.3333333333333335, 5.0, 0.16666666666666666)
22:23:35: [DEBUG] [C:\Users\Waterloo\School\WARG\Onboard\autonomy-bootcamp-2025-p2\modules\command\command.py | run | 108] Avg Velocity:  (4.615384615384615, 4.615384615384615, 0.15384615384615385)
22:23:35: [DEBUG] [C:\Users\Waterloo\School\WARG\Onboard\autonomy-bootcamp-2025-p2\modules\command\command.py | run | 108] Avg Velocity:  (4.285714285714286, 2.857142857142857, 0.14285714285714285)
22:23:35: [DEBUG] [C:\Users\Waterloo\School\WARG\Onboard\autonomy-bootcamp-2025-p2\modules\command\command.py | run | 108] Avg Velocity:  (4.0, 1.3333333333333333, 0.13333333333333333)
22:23:35: [DEBUG] [C:\Users\Waterloo\School\WARG\Onboard\autonomy-bootcamp-2025-p2\modules\command\command.py | run | 108] Avg Velocity:  (3.75, 0.0, 0.125)
22:23:35: [DEBUG] [C:\Users\Waterloo\School\WARG\Onboard\autonomy-bootcamp-2025-p2\modules\command\command.py | run | 108] Avg Velocity:  (2.3529411764705883, 0.0, 0.11764705882352941)
22:23:35: [DEBUG] [C:\Users\Waterloo\School\WARG\Onboard\autonomy-bootcamp-2025-p2\modules\command\command.py | run | 108] Avg Velocity:  (1.1111111111111112, 0.0, 0.1111111111111111)
22:23:35: [DEBUG] [C:\Users\Waterloo\School\WARG\Onboard\autonomy-bootcamp-2025-p2\modules\command\command.py | run | 108] Avg Velocity:  (0.0, 0.0, 0.10526315789473684)
22:23:35: [DEBUG] [C:\Users\Waterloo\School\WARG\Onboard\autonomy-bootcamp-2025-p2\modules\command\command.py | run | 108] Avg Velocity:  (0.0, 1.0, 0.1)
22:23:35: [DEBUG] [C:\Users\Waterloo\School\WARG\Onboard\autonomy-bootcamp-2025-p2\modules\command\command.py | run | 108] Avg Velocity:  (0.0, 1.9047619047619047, 0.09523809523809523)
22:23:35: [DEBUG] [C:\Users\Waterloo\School\WARG\Onboard\autonomy-bootcamp-2025-p2\modules\command\command.py | run | 108] Avg Velocity:  (0.0, 2.727272727272727, 0.09090909090909091)
22:23:35: [DEBUG] [C:\Users\Waterloo\School\WARG\Onboard\autonomy-bootcamp-2025-p2\modules\command\command.py | run | 108] Avg Velocity:  (0.8695652173913043, 2.608695652173913, 0.08695652173913043)
22:23:35: [DEBUG] [C:\Users\Waterloo\School\WARG\Onboard\autonomy-bootcamp-2025-p2\modules\command\command.py | run | 108] Avg Velocity:  (1.6666666666666667, 2.5, 0.08333333333333333)
22:23:35: [DEBUG] [C:\Users\Waterloo\School\WARG\Onboard\autonomy-bootcamp-2025-p2\modules\command\command.py | run | 108] Avg Velocity:  (2.4, 2.4, 0.08)
22:23:35: [DEBUG] [C:\Users\Waterloo\School\WARG\Onboard\autonomy-bootcamp-2025-p2\modules\command\command.py | run | 108] Avg Velocity:  (2.3076923076923075, 1.5384615384615385, 0.07692307692307693)
22:23:35: [DEBUG] [C:\Users\Waterloo\School\WARG\Onboard\autonomy-bootcamp-2025-p2\modules\command\command.py | run | 108] Avg Velocity:  (2.2222222222222223, 0.7407407407407407, 0.07407407407407407)
22:23:35: [DEBUG] [C:\Users\Waterloo\School\WARG\Onboard\autonomy-bootcamp-2025-p2\modules\command\command.py | run | 108] Avg Velocity:  (2.142857142857143, 0.0, 0.07142857142857142)
22:23:35: [DEBUG] [C:\Users\Waterloo\School\WARG\Onboard\autonomy-bootcamp-2025-p2\modules\command\command.py | run | 108] Avg Velocity:  (1.3793103448275863, 0.0, 0.06896551724137931)
22:23:35: [DEBUG] [C:\Users\Waterloo\School\WARG\Onboard\autonomy-bootcamp-2025-p2\modules\command\command.py | run | 108] Avg Velocity:  (0.6666666666666666, 0.0, 0.06666666666666667)
22:23:35: [DEBUG] [C:\Users\Waterloo\School\WARG\Onboard\autonomy-bootcamp-2025-p2\modules\command\command.py | run | 108] Avg Velocity:  (0.0, 0.0, 0.06451612903225806)
22:23:36: [ERROR] [C:\Users\Waterloo\School\WARG\Onboard\autonomy-bootcamp-2025-p2\modules\command\command_worker.py | command_worker | 71] Could not call run: 
22:23:36: [INFO] [C:\Users\Waterloo\School\WARG\Onboard\autonomy-bootcamp-2025-p2\modules\command\command_worker.py | command_worker | 72] Command worker stopped
