18:10:20: [INFO] [C:\Users\Waterloo\School\WARG\Onboard\autonomy-bootcamp-2025-p2\modules\heartbeat\heartbeat_receiver_worker.py | heartbeat_receiver_worker | 49] Logger initialized
18:10:20: [DEBUG] [C:\Users\Waterloo\School\WARG\Onboard\autonomy-bootcamp-2025-p2\modules\heartbeat\heartbeat_receiver.py | create | 36] HeartbeatReceiver instance created
18:10:20: [INFO] [C:\Users\Waterloo\School\WARG\Onboard\autonomy-bootcamp-2025-p2\modules\heartbeat\heartbeat_receiver_worker.py | heartbeat_receiver_worker | 61] Heartbeat receiver started
18:10:20: [DEBUG] [C:\Users\Waterloo\School\WARG\Onboard\autonomy-bootcamp-2025-p2\modules\heartbeat\heartbeat_receiver.py | run | 71] Connected
18:10:21: [DEBUG] [C:\Users\Waterloo\School\WARG\Onboard\autonomy-bootcamp-2025-p2\modules\heartbeat\heartbeat_receiver.py | run | 71] Connected
18:10:22: [DEBUG] [C:\Users\Waterloo\School\WARG\Onboard\autonomy-bootcamp-2025-p2\modules\heartbeat\heartbeat_receiver.py | run | 71] Connected
18:10:23: [WARNING] [C:\Users\Waterloo\School\WARG\Onboard\autonomy-bootcamp-2025-p2\modules\heartbeat\heartbeat_receiver.py | run | 74] Missed Heartbeats: 1
18:10:23: [DEBUG] [C:\Users\Waterloo\School\WARG\Onboard\autonomy-bootcamp-2025-p2\modules\heartbeat\heartbeat_receiver.py | run | 71] Connected
18:10:24: [DEBUG] [C:\Users\Waterloo\School\WARG\Onboard\autonomy-bootcamp-2025-p2\modules\heartbeat\heartbeat_receiver.py | run | 71] Connected
18:10:25: [WARNING] [C:\Users\Waterloo\School\WARG\Onboard\autonomy-bootcamp-2025-p2\modules\heartbeat\heartbeat_receiver.py | run | 74] Missed Heartbeats: 1
18:10:26: [WARNING] [C:\Users\Waterloo\School\WARG\Onboard\autonomy-bootcamp-2025-p2\modules\heartbeat\heartbeat_receiver.py | run | 74] Missed Heartbeats: 2
18:10:27: [WARNING] [C:\Users\Waterloo\School\WARG\Onboard\autonomy-bootcamp-2025-p2\modules\heartbeat\heartbeat_receiver.py | run | 74] Missed Heartbeats: 3
18:10:28: [WARNING] [C:\Users\Waterloo\School\WARG\Onboard\autonomy-bootcamp-2025-p2\modules\heartbeat\heartbeat_receiver.py | run | 74] Missed Heartbeats: 4
18:10:29: [WARNING] [C:\Users\Waterloo\School\WARG\Onboard\autonomy-bootcamp-2025-p2\modules\heartbeat\heartbeat_receiver.py | run | 74] Missed Heartbeats: 5
18:10:29: [WARNING] [C:\Users\Waterloo\School\WARG\Onboard\autonomy-bootcamp-2025-p2\modules\heartbeat\heartbeat_receiver.py | run | 78] Disconnected
18:10:30: [WARNING] [C:\Users\Waterloo\School\WARG\Onboard\autonomy-bootcamp-2025-p2\modules\heartbeat\heartbeat_receiver.py | run | 74] Missed Heartbeats: 6
18:10:30: [WARNING] [C:\Users\Waterloo\School\WARG\Onboard\autonomy-bootcamp-2025-p2\modules\heartbeat\heartbeat_receiver.py | run | 78] Disconnected
18:10:31: [WARNING] [C:\Users\Waterloo\School\WARG\Onboard\autonomy-bootcamp-2025-p2\modules\heartbeat\heartbeat_receiver.py | run | 74] Missed Heartbeats: 7
18:10:31: [WARNING] [C:\Users\Waterloo\School\WARG\Onboard\autonomy-bootcamp-2025-p2\modules\heartbeat\heartbeat_receiver.py | run | 78] Disconnected
18:10:32: [WARNING] [C:\Users\Waterloo\School\WARG\Onboard\autonomy-bootcamp-2025-p2\modules\heartbeat\heartbeat_receiver.py | run | 74] Missed Heartbeats: 8
18:10:32: [WARNING] [C:\Users\Waterloo\School\WARG\Onboard\autonomy-bootcamp-2025-p2\modules\heartbeat\heartbeat_receiver.py | run | 78] Disconnected
18:10:33: [DEBUG] [C:\Users\Waterloo\School\WARG\Onboard\autonomy-bootcamp-2025-p2\modules\heartbeat\heartbeat_receiver.py | run | 71] Connected
18:10:34: [DEBUG] [C:\Users\Waterloo\School\WARG\Onboard\autonomy-bootcamp-2025-p2\modules\heartbeat\heartbeat_receiver.py | run | 71] Connected
18:10:35: [DEBUG] [C:\Users\Waterloo\School\WARG\Onboard\autonomy-bootcamp-2025-p2\modules\heartbeat\heartbeat_receiver.py | run | 71] Connected
18:10:36: [DEBUG] [C:\Users\Waterloo\School\WARG\Onboard\autonomy-bootcamp-2025-p2\modules\heartbeat\heartbeat_receiver.py | run | 71] Connected
18:10:37: [DEBUG] [C:\Users\Waterloo\School\WARG\Onboard\autonomy-bootcamp-2025-p2\modules\heartbeat\heartbeat_receiver.py | run | 71] Connected
18:10:38: [WARNING] [C:\Users\Waterloo\School\WARG\Onboard\autonomy-bootcamp-2025-p2\modules\heartbeat\heartbeat_receiver.py | run | 74] Missed Heartbeats: 1
18:10:39: [DEBUG] [C:\Users\Waterloo\School\WARG\Onboard\autonomy-bootcamp-2025-p2\modules\heartbeat\heartbeat_receiver.py | run | 71] Connected
18:10:40: [WARNING] [C:\Users\Waterloo\School\WARG\Onboard\autonomy-bootcamp-2025-p2\modules\heartbeat\heartbeat_receiver.py | run | 74] Missed Heartbeats: 1
18:10:41: [WARNING] [C:\Users\Waterloo\School\WARG\Onboard\autonomy-bootcamp-2025-p2\modules\heartbeat\heartbeat_receiver.py | run | 74] Missed Heartbeats: 2
18:10:41: [INFO] [C:\Users\Waterloo\School\WARG\Onboard\autonomy-bootcamp-2025-p2\modules\heartbeat\heartbeat_receiver_worker.py | heartbeat_receiver_worker | 72] Heartbeat receiver stopped
