17:35:42: [INFO] [C:\Users\Waterloo\School\WARG\Onboard\autonomy-bootcamp-2025-p2\modules\telemetry\telemetry_worker.py | telemetry_worker | 47] Logger initialized
17:35:42: [DEBUG] [C:\Users\Waterloo\School\WARG\Onboard\autonomy-bootcamp-2025-p2\modules\telemetry\telemetry.py | create | 91] Telemetry instance created
17:35:42: [INFO] [C:\Users\Waterloo\School\WARG\Onboard\autonomy-bootcamp-2025-p2\modules\telemetry\telemetry_worker.py | telemetry_worker | 60] Telemetry started
17:35:42: [DEBUG] [C:\Users\Waterloo\School\WARG\Onboard\autonomy-bootcamp-2025-p2\modules\telemetry\telemetry.py | run | 133] Received ATTITUDE
17:35:42: [DEBUG] [C:\Users\Waterloo\School\WARG\Onboard\autonomy-bootcamp-2025-p2\modules\telemetry\telemetry.py | run | 136] Received LOCAL_POSITION_NED
17:35:42: [DEBUG] [C:\Users\Waterloo\School\WARG\Onboard\autonomy-bootcamp-2025-p2\modules\telemetry\telemetry.py | run | 133] Received ATTITUDE
17:35:42: [DEBUG] [C:\Users\Waterloo\School\WARG\Onboard\autonomy-bootcamp-2025-p2\modules\telemetry\telemetry.py | run | 136] Received LOCAL_POSITION_NED
17:35:43: [DEBUG] [C:\Users\Waterloo\School\WARG\Onboard\autonomy-bootcamp-2025-p2\modules\telemetry\telemetry.py | run | 133] Received ATTITUDE
17:35:43: [DEBUG] [C:\Users\Waterloo\School\WARG\Onboard\autonomy-bootcamp-2025-p2\modules\telemetry\telemetry.py | run | 133] Received ATTITUDE
17:35:43: [DEBUG] [C:\Users\Waterloo\School\WARG\Onboard\autonomy-bootcamp-2025-p2\modules\telemetry\telemetry.py | run | 136] Received LOCAL_POSITION_NED
17:35:43: [DEBUG] [C:\Users\Waterloo\School\WARG\Onboard\autonomy-bootcamp-2025-p2\modules\telemetry\telemetry.py | run | 133] Received ATTITUDE
17:35:43: [DEBUG] [C:\Users\Waterloo\School\WARG\Onboard\autonomy-bootcamp-2025-p2\modules\telemetry\telemetry.py | run | 136] Received LOCAL_POSITION_NED
17:35:44: [DEBUG] [C:\Users\Waterloo\School\WARG\Onboard\autonomy-bootcamp-2025-p2\modules\telemetry\telemetry.py | run | 133] Received ATTITUDE
17:35:44: [DEBUG] [C:\Users\Waterloo\School\WARG\Onboard\autonomy-bootcamp-2025-p2\modules\telemetry\telemetry.py | run | 133] Received ATTITUDE
17:35:44: [DEBUG] [C:\Users\Waterloo\School\WARG\Onboard\autonomy-bootcamp-2025-p2\modules\telemetry\telemetry.py | run | 136] Received LOCAL_POSITION_NED
17:35:44: [DEBUG] [C:\Users\Waterloo\School\WARG\Onboard\autonomy-bootcamp-2025-p2\modules\telemetry\telemetry.py | run | 133] Received ATTITUDE
17:35:44: [DEBUG] [C:\Users\Waterloo\School\WARG\Onboard\autonomy-bootcamp-2025-p2\modules\telemetry\telemetry.py | run | 136] Received LOCAL_POSITION_NED
17:35:45: [DEBUG] [C:\Users\Waterloo\School\WARG\Onboard\autonomy-bootcamp-2025-p2\modules\telemetry\telemetry.py | run | 133] Received ATTITUDE
17:35:45: [DEBUG] [C:\Users\Waterloo\School\WARG\Onboard\autonomy-bootcamp-2025-p2\modules\telemetry\telemetry.py | run | 133] Received ATTITUDE
17:35:45: [DEBUG] [C:\Users\Waterloo\School\WARG\Onboard\autonomy-bootcamp-2025-p2\modules\telemetry\telemetry.py | run | 136] Received LOCAL_POSITION_NED
17:35:45: [DEBUG] [C:\Users\Waterloo\School\WARG\Onboard\autonomy-bootcamp-2025-p2\modules\telemetry\telemetry.py | run | 133] Received ATTITUDE
17:35:45: [DEBUG] [C:\Users\Waterloo\School\WARG\Onboard\autonomy-bootcamp-2025-p2\modules\telemetry\telemetry.py | run | 136] Received LOCAL_POSITION_NED
17:35:46: [DEBUG] [C:\Users\Waterloo\School\WARG\Onboard\autonomy-bootcamp-2025-p2\modules\telemetry\telemetry.py | run | 133] Received ATTITUDE
17:35:46: [DEBUG] [C:\Users\Waterloo\School\WARG\Onboard\autonomy-bootcamp-2025-p2\modules\telemetry\telemetry.py | run | 133] Received ATTITUDE
17:35:46: [DEBUG] [C:\Users\Waterloo\School\WARG\Onboard\autonomy-bootcamp-2025-p2\modules\telemetry\telemetry.py | run | 136] Received LOCAL_POSITION_NED
17:35:46: [DEBUG] [C:\Users\Waterloo\School\WARG\Onboard\autonomy-bootcamp-2025-p2\modules\telemetry\telemetry.py | run | 133] Received ATTITUDE
17:35:46: [DEBUG] [C:\Users\Waterloo\School\WARG\Onboard\autonomy-bootcamp-2025-p2\modules\telemetry\telemetry.py | run | 136] Received LOCAL_POSITION_NED
17:35:47: [DEBUG] [C:\Users\Waterloo\School\WARG\Onboard\autonomy-bootcamp-2025-p2\modules\telemetry\telemetry.py | run | 133] Received ATTITUDE
17:35:47: [WARNING] [C:\Users\Waterloo\School\WARG\Onboard\autonomy-bootcamp-2025-p2\modules\telemetry\telemetry.py | run | 161] Telemetry timeout
17:35:48: [DEBUG] [C:\Users\Waterloo\School\WARG\Onboard\autonomy-bootcamp-2025-p2\modules\telemetry\telemetry.py | run | 133] Received ATTITUDE
17:35:48: [WARNING] [C:\Users\Waterloo\School\WARG\Onboard\autonomy-bootcamp-2025-p2\modules\telemetry\telemetry.py | run | 161] Telemetry timeout
17:35:49: [DEBUG] [C:\Users\Waterloo\School\WARG\Onboard\autonomy-bootcamp-2025-p2\modules\telemetry\telemetry.py | run | 136] Received LOCAL_POSITION_NED
17:35:49: [WARNING] [C:\Users\Waterloo\School\WARG\Onboard\autonomy-bootcamp-2025-p2\modules\telemetry\telemetry.py | run | 161] Telemetry timeout
17:35:50: [DEBUG] [C:\Users\Waterloo\School\WARG\Onboard\autonomy-bootcamp-2025-p2\modules\telemetry\telemetry.py | run | 133] Received ATTITUDE
17:35:50: [DEBUG] [C:\Users\Waterloo\School\WARG\Onboard\autonomy-bootcamp-2025-p2\modules\telemetry\telemetry.py | run | 136] Received LOCAL_POSITION_NED
17:35:50: [DEBUG] [C:\Users\Waterloo\School\WARG\Onboard\autonomy-bootcamp-2025-p2\modules\telemetry\telemetry.py | run | 136] Received LOCAL_POSITION_NED
17:35:50: [DEBUG] [C:\Users\Waterloo\School\WARG\Onboard\autonomy-bootcamp-2025-p2\modules\telemetry\telemetry.py | run | 133] Received ATTITUDE
17:35:51: [DEBUG] [C:\Users\Waterloo\School\WARG\Onboard\autonomy-bootcamp-2025-p2\modules\telemetry\telemetry.py | run | 136] Received LOCAL_POSITION_NED
17:35:51: [DEBUG] [C:\Users\Waterloo\School\WARG\Onboard\autonomy-bootcamp-2025-p2\modules\telemetry\telemetry.py | run | 133] Received ATTITUDE
17:35:51: [DEBUG] [C:\Users\Waterloo\School\WARG\Onboard\autonomy-bootcamp-2025-p2\modules\telemetry\telemetry.py | run | 136] Received LOCAL_POSITION_NED
17:35:51: [DEBUG] [C:\Users\Waterloo\School\WARG\Onboard\autonomy-bootcamp-2025-p2\modules\telemetry\telemetry.py | run | 136] Received LOCAL_POSITION_NED
17:35:51: [DEBUG] [C:\Users\Waterloo\School\WARG\Onboard\autonomy-bootcamp-2025-p2\modules\telemetry\telemetry.py | run | 133] Received ATTITUDE
17:35:52: [DEBUG] [C:\Users\Waterloo\School\WARG\Onboard\autonomy-bootcamp-2025-p2\modules\telemetry\telemetry.py | run | 136] Received LOCAL_POSITION_NED
17:35:52: [DEBUG] [C:\Users\Waterloo\School\WARG\Onboard\autonomy-bootcamp-2025-p2\modules\telemetry\telemetry.py | run | 133] Received ATTITUDE
17:35:52: [DEBUG] [C:\Users\Waterloo\School\WARG\Onboard\autonomy-bootcamp-2025-p2\modules\telemetry\telemetry.py | run | 136] Received LOCAL_POSITION_NED
17:35:52: [DEBUG] [C:\Users\Waterloo\School\WARG\Onboard\autonomy-bootcamp-2025-p2\modules\telemetry\telemetry.py | run | 136] Received LOCAL_POSITION_NED
17:35:52: [DEBUG] [C:\Users\Waterloo\School\WARG\Onboard\autonomy-bootcamp-2025-p2\modules\telemetry\telemetry.py | run | 133] Received ATTITUDE
17:35:53: [DEBUG] [C:\Users\Waterloo\School\WARG\Onboard\autonomy-bootcamp-2025-p2\modules\telemetry\telemetry.py | run | 136] Received LOCAL_POSITION_NED
17:35:53: [DEBUG] [C:\Users\Waterloo\School\WARG\Onboard\autonomy-bootcamp-2025-p2\modules\telemetry\telemetry.py | run | 133] Received ATTITUDE
17:35:53: [DEBUG] [C:\Users\Waterloo\School\WARG\Onboard\autonomy-bootcamp-2025-p2\modules\telemetry\telemetry.py | run | 136] Received LOCAL_POSITION_NED
17:35:53: [DEBUG] [C:\Users\Waterloo\School\WARG\Onboard\autonomy-bootcamp-2025-p2\modules\telemetry\telemetry.py | run | 136] Received LOCAL_POSITION_NED
17:35:53: [DEBUG] [C:\Users\Waterloo\School\WARG\Onboard\autonomy-bootcamp-2025-p2\modules\telemetry\telemetry.py | run | 133] Received ATTITUDE
17:35:54: [DEBUG] [C:\Users\Waterloo\School\WARG\Onboard\autonomy-bootcamp-2025-p2\modules\telemetry\telemetry.py | run | 136] Received LOCAL_POSITION_NED
17:35:54: [DEBUG] [C:\Users\Waterloo\School\WARG\Onboard\autonomy-bootcamp-2025-p2\modules\telemetry\telemetry.py | run | 133] Received ATTITUDE
17:35:54: [DEBUG] [C:\Users\Waterloo\School\WARG\Onboard\autonomy-bootcamp-2025-p2\modules\telemetry\telemetry.py | run | 136] Received LOCAL_POSITION_NED
17:35:54: [DEBUG] [C:\Users\Waterloo\School\WARG\Onboard\autonomy-bootcamp-2025-p2\modules\telemetry\telemetry.py | run | 136] Received LOCAL_POSITION_NED
17:35:54: [DEBUG] [C:\Users\Waterloo\School\WARG\Onboard\autonomy-bootcamp-2025-p2\modules\telemetry\telemetry.py | run | 133] Received ATTITUDE
17:35:55: [DEBUG] [C:\Users\Waterloo\School\WARG\Onboard\autonomy-bootcamp-2025-p2\modules\telemetry\telemetry.py | run | 136] Received LOCAL_POSITION_NED
17:35:55: [WARNING] [C:\Users\Waterloo\School\WARG\Onboard\autonomy-bootcamp-2025-p2\modules\telemetry\telemetry.py | run | 161] Telemetry timeout
17:35:56: [WARNING] [C:\Users\Waterloo\School\WARG\Onboard\autonomy-bootcamp-2025-p2\modules\telemetry\telemetry.py | run | 161] Telemetry timeout
17:35:56: [INFO] [C:\Users\Waterloo\School\WARG\Onboard\autonomy-bootcamp-2025-p2\modules\telemetry\telemetry_worker.py | telemetry_worker | 71] Telemetry worker stopped
