17:38:10: [INFO] [C:\Users\Waterloo\School\WARG\Onboard\autonomy-bootcamp-2025-p2\modules\telemetry\telemetry_worker.py | telemetry_worker | 47] Logger initialized
17:38:10: [DEBUG] [C:\Users\Waterloo\School\WARG\Onboard\autonomy-bootcamp-2025-p2\modules\telemetry\telemetry.py | create | 90] Telemetry instance created
17:38:10: [INFO] [C:\Users\Waterloo\School\WARG\Onboard\autonomy-bootcamp-2025-p2\modules\telemetry\telemetry_worker.py | telemetry_worker | 60] Telemetry started
17:38:10: [DEBUG] [C:\Users\Waterloo\School\WARG\Onboard\autonomy-bootcamp-2025-p2\modules\telemetry\telemetry.py | run | 132] Received ATTITUDE
17:38:10: [DEBUG] [C:\Users\Waterloo\School\WARG\Onboard\autonomy-bootcamp-2025-p2\modules\telemetry\telemetry.py | run | 135] Received LOCAL_POSITION_NED
17:38:10: [DEBUG] [C:\Users\Waterloo\School\WARG\Onboard\autonomy-bootcamp-2025-p2\modules\telemetry\telemetry.py | run | 132] Received ATTITUDE
17:38:10: [DEBUG] [C:\Users\Waterloo\School\WARG\Onboard\autonomy-bootcamp-2025-p2\modules\telemetry\telemetry.py | run | 135] Received LOCAL_POSITION_NED
17:38:11: [DEBUG] [C:\Users\Waterloo\School\WARG\Onboard\autonomy-bootcamp-2025-p2\modules\telemetry\telemetry.py | run | 132] Received ATTITUDE
17:38:11: [DEBUG] [C:\Users\Waterloo\School\WARG\Onboard\autonomy-bootcamp-2025-p2\modules\telemetry\telemetry.py | run | 132] Received ATTITUDE
17:38:11: [DEBUG] [C:\Users\Waterloo\School\WARG\Onboard\autonomy-bootcamp-2025-p2\modules\telemetry\telemetry.py | run | 135] Received LOCAL_POSITION_NED
17:38:11: [DEBUG] [C:\Users\Waterloo\School\WARG\Onboard\autonomy-bootcamp-2025-p2\modules\telemetry\telemetry.py | run | 132] Received ATTITUDE
17:38:11: [DEBUG] [C:\Users\Waterloo\School\WARG\Onboard\autonomy-bootcamp-2025-p2\modules\telemetry\telemetry.py | run | 135] Received LOCAL_POSITION_NED
17:38:12: [DEBUG] [C:\Users\Waterloo\School\WARG\Onboard\autonomy-bootcamp-2025-p2\modules\telemetry\telemetry.py | run | 132] Received ATTITUDE
17:38:12: [DEBUG] [C:\Users\Waterloo\School\WARG\Onboard\autonomy-bootcamp-2025-p2\modules\telemetry\telemetry.py | run | 132] Received ATTITUDE
17:38:12: [DEBUG] [C:\Users\Waterloo\School\WARG\Onboard\autonomy-bootcamp-2025-p2\modules\telemetry\telemetry.py | run | 135] Received LOCAL_POSITION_NED
17:38:12: [DEBUG] [C:\Users\Waterloo\School\WARG\Onboard\autonomy-bootcamp-2025-p2\modules\telemetry\telemetry.py | run | 132] Received ATTITUDE
17:38:12: [DEBUG] [C:\Users\Waterloo\School\WARG\Onboard\autonomy-bootcamp-2025-p2\modules\telemetry\telemetry.py | run | 135] Received LOCAL_POSITION_NED
17:38:13: [DEBUG] [C:\Users\Waterloo\School\WARG\Onboard\autonomy-bootcamp-2025-p2\modules\telemetry\telemetry.py | run | 132] Received ATTITUDE
17:38:13: [DEBUG] [C:\Users\Waterloo\School\WARG\Onboard\autonomy-bootcamp-2025-p2\modules\telemetry\telemetry.py | run | 132] Received ATTITUDE
17:38:13: [DEBUG] [C:\Users\Waterloo\School\WARG\Onboard\autonomy-bootcamp-2025-p2\modules\telemetry\telemetry.py | run | 135] Received LOCAL_POSITION_NED
17:38:13: [DEBUG] [C:\Users\Waterloo\School\WARG\Onboard\autonomy-bootcamp-2025-p2\modules\telemetry\telemetry.py | run | 132] Received ATTITUDE
17:38:13: [DEBUG] [C:\Users\Waterloo\School\WARG\Onboard\autonomy-bootcamp-2025-p2\modules\telemetry\telemetry.py | run | 135] Received LOCAL_POSITION_NED
17:38:14: [DEBUG] [C:\Users\Waterloo\School\WARG\Onboard\autonomy-bootcamp-2025-p2\modules\telemetry\telemetry.py | run | 132] Received ATTITUDE
17:38:14: [DEBUG] [C:\Users\Waterloo\School\WARG\Onboard\autonomy-bootcamp-2025-p2\modules\telemetry\telemetry.py | run | 132] Received ATTITUDE
17:38:14: [DEBUG] [C:\Users\Waterloo\School\WARG\Onboard\autonomy-bootcamp-2025-p2\modules\telemetry\telemetry.py | run | 135] Received LOCAL_POSITION_NED
17:38:14: [DEBUG] [C:\Users\Waterloo\School\WARG\Onboard\autonomy-bootcamp-2025-p2\modules\telemetry\telemetry.py | run | 132] Received ATTITUDE
17:38:14: [DEBUG] [C:\Users\Waterloo\School\WARG\Onboard\autonomy-bootcamp-2025-p2\modules\telemetry\telemetry.py | run | 135] Received LOCAL_POSITION_NED
17:38:15: [DEBUG] [C:\Users\Waterloo\School\WARG\Onboard\autonomy-bootcamp-2025-p2\modules\telemetry\telemetry.py | run | 132] Received ATTITUDE
17:38:15: [WARNING] [C:\Users\Waterloo\School\WARG\Onboard\autonomy-bootcamp-2025-p2\modules\telemetry\telemetry.py | run | 160] Telemetry timeout
17:38:16: [DEBUG] [C:\Users\Waterloo\School\WARG\Onboard\autonomy-bootcamp-2025-p2\modules\telemetry\telemetry.py | run | 132] Received ATTITUDE
17:38:16: [WARNING] [C:\Users\Waterloo\School\WARG\Onboard\autonomy-bootcamp-2025-p2\modules\telemetry\telemetry.py | run | 160] Telemetry timeout
17:38:17: [DEBUG] [C:\Users\Waterloo\School\WARG\Onboard\autonomy-bootcamp-2025-p2\modules\telemetry\telemetry.py | run | 135] Received LOCAL_POSITION_NED
17:38:17: [WARNING] [C:\Users\Waterloo\School\WARG\Onboard\autonomy-bootcamp-2025-p2\modules\telemetry\telemetry.py | run | 160] Telemetry timeout
17:38:18: [DEBUG] [C:\Users\Waterloo\School\WARG\Onboard\autonomy-bootcamp-2025-p2\modules\telemetry\telemetry.py | run | 132] Received ATTITUDE
17:38:18: [DEBUG] [C:\Users\Waterloo\School\WARG\Onboard\autonomy-bootcamp-2025-p2\modules\telemetry\telemetry.py | run | 135] Received LOCAL_POSITION_NED
17:38:18: [DEBUG] [C:\Users\Waterloo\School\WARG\Onboard\autonomy-bootcamp-2025-p2\modules\telemetry\telemetry.py | run | 135] Received LOCAL_POSITION_NED
17:38:18: [DEBUG] [C:\Users\Waterloo\School\WARG\Onboard\autonomy-bootcamp-2025-p2\modules\telemetry\telemetry.py | run | 132] Received ATTITUDE
17:38:19: [DEBUG] [C:\Users\Waterloo\School\WARG\Onboard\autonomy-bootcamp-2025-p2\modules\telemetry\telemetry.py | run | 135] Received LOCAL_POSITION_NED
17:38:19: [DEBUG] [C:\Users\Waterloo\School\WARG\Onboard\autonomy-bootcamp-2025-p2\modules\telemetry\telemetry.py | run | 132] Received ATTITUDE
17:38:19: [DEBUG] [C:\Users\Waterloo\School\WARG\Onboard\autonomy-bootcamp-2025-p2\modules\telemetry\telemetry.py | run | 135] Received LOCAL_POSITION_NED
17:38:19: [DEBUG] [C:\Users\Waterloo\School\WARG\Onboard\autonomy-bootcamp-2025-p2\modules\telemetry\telemetry.py | run | 135] Received LOCAL_POSITION_NED
17:38:19: [DEBUG] [C:\Users\Waterloo\School\WARG\Onboard\autonomy-bootcamp-2025-p2\modules\telemetry\telemetry.py | run | 132] Received ATTITUDE
17:38:20: [DEBUG] [C:\Users\Waterloo\School\WARG\Onboard\autonomy-bootcamp-2025-p2\modules\telemetry\telemetry.py | run | 135] Received LOCAL_POSITION_NED
17:38:20: [DEBUG] [C:\Users\Waterloo\School\WARG\Onboard\autonomy-bootcamp-2025-p2\modules\telemetry\telemetry.py | run | 132] Received ATTITUDE
17:38:20: [DEBUG] [C:\Users\Waterloo\School\WARG\Onboard\autonomy-bootcamp-2025-p2\modules\telemetry\telemetry.py | run | 135] Received LOCAL_POSITION_NED
17:38:20: [DEBUG] [C:\Users\Waterloo\School\WARG\Onboard\autonomy-bootcamp-2025-p2\modules\telemetry\telemetry.py | run | 135] Received LOCAL_POSITION_NED
17:38:20: [DEBUG] [C:\Users\Waterloo\School\WARG\Onboard\autonomy-bootcamp-2025-p2\modules\telemetry\telemetry.py | run | 132] Received ATTITUDE
17:38:21: [DEBUG] [C:\Users\Waterloo\School\WARG\Onboard\autonomy-bootcamp-2025-p2\modules\telemetry\telemetry.py | run | 135] Received LOCAL_POSITION_NED
17:38:21: [DEBUG] [C:\Users\Waterloo\School\WARG\Onboard\autonomy-bootcamp-2025-p2\modules\telemetry\telemetry.py | run | 132] Received ATTITUDE
17:38:21: [DEBUG] [C:\Users\Waterloo\School\WARG\Onboard\autonomy-bootcamp-2025-p2\modules\telemetry\telemetry.py | run | 135] Received LOCAL_POSITION_NED
17:38:21: [DEBUG] [C:\Users\Waterloo\School\WARG\Onboard\autonomy-bootcamp-2025-p2\modules\telemetry\telemetry.py | run | 135] Received LOCAL_POSITION_NED
17:38:21: [DEBUG] [C:\Users\Waterloo\School\WARG\Onboard\autonomy-bootcamp-2025-p2\modules\telemetry\telemetry.py | run | 132] Received ATTITUDE
17:38:22: [DEBUG] [C:\Users\Waterloo\School\WARG\Onboard\autonomy-bootcamp-2025-p2\modules\telemetry\telemetry.py | run | 135] Received LOCAL_POSITION_NED
17:38:22: [DEBUG] [C:\Users\Waterloo\School\WARG\Onboard\autonomy-bootcamp-2025-p2\modules\telemetry\telemetry.py | run | 132] Received ATTITUDE
17:38:22: [DEBUG] [C:\Users\Waterloo\School\WARG\Onboard\autonomy-bootcamp-2025-p2\modules\telemetry\telemetry.py | run | 135] Received LOCAL_POSITION_NED
17:38:22: [DEBUG] [C:\Users\Waterloo\School\WARG\Onboard\autonomy-bootcamp-2025-p2\modules\telemetry\telemetry.py | run | 135] Received LOCAL_POSITION_NED
17:38:22: [DEBUG] [C:\Users\Waterloo\School\WARG\Onboard\autonomy-bootcamp-2025-p2\modules\telemetry\telemetry.py | run | 132] Received ATTITUDE
17:38:23: [DEBUG] [C:\Users\Waterloo\School\WARG\Onboard\autonomy-bootcamp-2025-p2\modules\telemetry\telemetry.py | run | 135] Received LOCAL_POSITION_NED
17:38:23: [WARNING] [C:\Users\Waterloo\School\WARG\Onboard\autonomy-bootcamp-2025-p2\modules\telemetry\telemetry.py | run | 160] Telemetry timeout
17:38:23: [INFO] [C:\Users\Waterloo\School\WARG\Onboard\autonomy-bootcamp-2025-p2\modules\telemetry\telemetry_worker.py | telemetry_worker | 71] Telemetry worker stopped
